Using pre-set license
Built from '2020.3/staging' branch; Version is '2020.3.19f1 (68f137dc9bbe) revision 6877495'; Using compiler version '192528614'; Build Type 'Release'
OS: 'Windows 10 Home; OS build 19042.1237; Version 2009; 64bit' Language: 'ko' Physical Memory: 16233 MB
BatchMode: 1, IsHumanControllingUs: 0, StartBugReporterOnCrash: 0, Is64bit: 1, IsPro: 0

COMMAND LINE ARGUMENTS:
D:\unity\2020.3.19f1\Editor\Unity.exe
-adb2
-batchMode
-noUpm
-name
AssetImportWorker0
-projectPath
C:/Users/ROG/Downloads/Skill Defense
-logFile
Logs/AssetImportWorker0.log
-srvPort
54451
Successfully changed project path to: C:/Users/ROG/Downloads/Skill Defense
C:/Users/ROG/Downloads/Skill Defense
Using Asset Import Pipeline V2.
Refreshing native plugins compatible for Editor in 40.35 ms, found 3 plugins.
Preloading 0 native plugins for Editor in 0.00 ms.
Initialize engine version: 2020.3.19f1 (68f137dc9bbe)
[Subsystems] Discovering subsystems at path D:/unity/2020.3.19f1/Editor/Data/Resources/UnitySubsystems
[Subsystems] Discovering subsystems at path C:/Users/ROG/Downloads/Skill Defense/Assets
GfxDevice: creating device client; threaded=0
Direct3D:
    Version:  Direct3D 11.0 [level 11.1]
    Renderer: NVIDIA GeForce RTX 2060 (ID=0x1f11)
    Vendor:   
    VRAM:     5980 MB
    Driver:   27.21.14.5763
Initialize mono
Mono path[0] = 'D:/unity/2020.3.19f1/Editor/Data/Managed'
Mono path[1] = 'D:/unity/2020.3.19f1/Editor/Data/MonoBleedingEdge/lib/mono/unityjit'
Mono config path = 'D:/unity/2020.3.19f1/Editor/Data/MonoBleedingEdge/etc'
Using monoOptions --debugger-agent=transport=dt_socket,embedding=1,server=y,suspend=n,address=127.0.0.1:56464
Begin MonoManager ReloadAssembly
Registering precompiled unity dll's ...
Register platform support module: D:/unity/2020.3.19f1/Editor/Data/PlaybackEngines/WindowsStandaloneSupport/UnityEditor.WindowsStandalone.Extensions.dll
Registered in 0.001900 seconds.
Native extension for WindowsStandalone target not found
Refreshing native plugins compatible for Editor in 38.74 ms, found 3 plugins.
Preloading 0 native plugins for Editor in 0.00 ms.
Mono: successfully reloaded assembly
- Completed reload, in  1.977 seconds
Domain Reload Profiling:
	ReloadAssembly (1977ms)
		BeginReloadAssembly (67ms)
			ExecutionOrderSort (0ms)
			DisableScriptedObjects (0ms)
			BackupInstance (0ms)
			ReleaseScriptingObjects (0ms)
			CreateAndSetChildDomain (1ms)
		EndReloadAssembly (395ms)
			LoadAssemblies (65ms)
			RebuildTransferFunctionScriptingTraits (0ms)
			SetupTypeCache (140ms)
			ReleaseScriptCaches (0ms)
			RebuildScriptCaches (30ms)
			SetupLoadedEditorAssemblies (154ms)
				LogAssemblyErrors (0ms)
				InitializePlatformSupportModulesInManaged (4ms)
				SetLoadedEditorAssemblies (0ms)
				RefreshPlugins (39ms)
				BeforeProcessingInitializeOnLoad (16ms)
				ProcessInitializeOnLoadAttributes (69ms)
				ProcessInitializeOnLoadMethodAttributes (26ms)
				AfterProcessingInitializeOnLoad (0ms)
				EditorAssembliesLoaded (0ms)
			ExecutionOrderSort2 (0ms)
			AwakeInstancesAfterBackupRestoration (0ms)
Platform modules already initialized, skipping
Registering precompiled user dll's ...
Registered in 0.003714 seconds.
Begin MonoManager ReloadAssembly
Native extension for WindowsStandalone target not found
Refreshing native plugins compatible for Editor in 37.87 ms, found 3 plugins.
Preloading 0 native plugins for Editor in 0.00 ms.
Mono: successfully reloaded assembly
- Completed reload, in  1.056 seconds
Domain Reload Profiling:
	ReloadAssembly (1056ms)
		BeginReloadAssembly (150ms)
			ExecutionOrderSort (0ms)
			DisableScriptedObjects (4ms)
			BackupInstance (0ms)
			ReleaseScriptingObjects (0ms)
			CreateAndSetChildDomain (17ms)
		EndReloadAssembly (851ms)
			LoadAssemblies (102ms)
			RebuildTransferFunctionScriptingTraits (0ms)
			SetupTypeCache (274ms)
			ReleaseScriptCaches (0ms)
			RebuildScriptCaches (44ms)
			SetupLoadedEditorAssemblies (326ms)
				LogAssemblyErrors (0ms)
				InitializePlatformSupportModulesInManaged (4ms)
				SetLoadedEditorAssemblies (0ms)
				RefreshPlugins (38ms)
				BeforeProcessingInitializeOnLoad (76ms)
				ProcessInitializeOnLoadAttributes (190ms)
				ProcessInitializeOnLoadMethodAttributes (14ms)
				AfterProcessingInitializeOnLoad (5ms)
				EditorAssembliesLoaded (0ms)
			ExecutionOrderSort2 (0ms)
			AwakeInstancesAfterBackupRestoration (6ms)
Platform modules already initialized, skipping
========================================================================
Worker process is ready to serve import requests
Launched and connected shader compiler UnityShaderCompiler.exe after 0.07 seconds
Refreshing native plugins compatible for Editor in 0.43 ms, found 3 plugins.
Preloading 0 native plugins for Editor in 0.00 ms.
Unloading 2092 Unused Serialized files (Serialized files now loaded: 0)
System memory in use before: 93.0 MB.
System memory in use after: 93.1 MB.

Unloading 26 unused Assets to reduce memory usage. Loaded Objects now: 2530.
Total: 3.264000 ms (FindLiveObjects: 0.201700 ms CreateObjectMapping: 0.069300 ms MarkObjects: 2.922000 ms  DeleteObjects: 0.069800 ms)

AssetImportParameters requested are different than current active one (requested -> active):
  custom:framework-win-MediaFoundation: 216162199b28c13a410421893ffa2e32 -> 
  custom:video-decoder-ogg-theora: a1e56fd34408186e4bbccfd4996cb3dc -> 
  custom:container-muxer-webm: aa71ff27fc2769a1b78a27578f13a17b -> 
  custom:container-demuxer-webm: 4f35f7cbe854078d1ac9338744f61a02 -> 
  custom:container-demuxer-ogg: 62fdf1f143b41e24485cea50d1cbac27 -> 
  custom:video-encoder-webm-vp8: eb34c28f22e8b96e1ab97ce403110664 -> 
  custom:video-decoder-webm-vp8: 9c59270c3fd7afecdb556c50c9e8de78 -> 
  custom:audio-decoder-ogg-vorbis: bf7c407c2cedff20999df2af8eb42d56 -> 
  custom:audio-encoder-webm-vorbis: bf7c407c2cedff20999df2af8eb42d56 -> 
========================================================================
Received Import Request.
  path: Assets
  artifactKey: Guid(00000000000000001000000000000000) Importer(815301076,1909f56bfc062723c751e8b465ee728b)
Start importing Assets using Guid(00000000000000001000000000000000) Importer(815301076,1909f56bfc062723c751e8b465ee728b)  -> (artifact id: '42d402b061de3733987d63b9cc3b64de') in 0.006471 seconds 
  Import took 0.009375 seconds .

========================================================================
Received Import Request.
  Time since last request: 0.000198 seconds.
  path: Assets/00.Scenes
  artifactKey: Guid(da5c8a2bb405c1341b44acaeb5470cfd) Importer(815301076,1909f56bfc062723c751e8b465ee728b)
Start importing Assets/00.Scenes using Guid(da5c8a2bb405c1341b44acaeb5470cfd) Importer(815301076,1909f56bfc062723c751e8b465ee728b)  -> (artifact id: '06b3e49d3a735454f158f940e41e119f') in 0.003809 seconds 
  Import took 0.006544 seconds .

========================================================================
Received Import Request.
  Time since last request: 6.723127 seconds.
  path: Assets/01.Script
  artifactKey: Guid(f987ce7d0c5a2f3448cd694fac3db298) Importer(815301076,1909f56bfc062723c751e8b465ee728b)
Start importing Assets/01.Script using Guid(f987ce7d0c5a2f3448cd694fac3db298) Importer(815301076,1909f56bfc062723c751e8b465ee728b)  -> (artifact id: 'e1e82b18a76a599c13a2e625a0451240') in 0.005531 seconds 
  Import took 0.008853 seconds .

========================================================================
Received Import Request.
  Time since last request: 9.819718 seconds.
  path: Assets/02.Sprite
  artifactKey: Guid(7852a4b04f2d0b84dbed4461a23b6e28) Importer(815301076,1909f56bfc062723c751e8b465ee728b)
Start importing Assets/02.Sprite using Guid(7852a4b04f2d0b84dbed4461a23b6e28) Importer(815301076,1909f56bfc062723c751e8b465ee728b)  -> (artifact id: '7ac12bfab7540c2fc9a35a60aa673849') in 0.004629 seconds 
  Import took 0.008860 seconds .

========================================================================
Received Import Request.
  Time since last request: 21.937514 seconds.
  path: Assets/03.Prefad
  artifactKey: Guid(49878c874eb95924f99cfaa606083fb7) Importer(815301076,1909f56bfc062723c751e8b465ee728b)
Start importing Assets/03.Prefad using Guid(49878c874eb95924f99cfaa606083fb7) Importer(815301076,1909f56bfc062723c751e8b465ee728b)  -> (artifact id: '8b780f79c2458f8a27af6dc8fd6e4dcd') in 0.005005 seconds 
  Import took 0.008207 seconds .

========================================================================
Received Import Request.
  Time since last request: 12.549599 seconds.
  path: Assets/00.Scenes/SampleScene.unity
  artifactKey: Guid(2cda990e2423bbf4892e6590ba056729) Importer(815301076,1909f56bfc062723c751e8b465ee728b)
Start importing Assets/00.Scenes/SampleScene.unity using Guid(2cda990e2423bbf4892e6590ba056729) Importer(815301076,1909f56bfc062723c751e8b465ee728b)  -> (artifact id: 'aa27944bdea339c97c39027c7eea529c') in 0.011166 seconds 
  Import took 0.014203 seconds .

========================================================================
Received Import Request.
  Time since last request: 10.778780 seconds.
  path: Assets/00.Scenes/InGame.unity
  artifactKey: Guid(2cda990e2423bbf4892e6590ba056729) Importer(815301076,1909f56bfc062723c751e8b465ee728b)
Start importing Assets/00.Scenes/InGame.unity using Guid(2cda990e2423bbf4892e6590ba056729) Importer(815301076,1909f56bfc062723c751e8b465ee728b)  -> (artifact id: '7e26d33ea338de4d48f2661e942a23e7') in 0.004991 seconds 
  Import took 0.009795 seconds .

========================================================================
Received Import Request.
  Time since last request: 1465.768182 seconds.
  path: Assets/02.Sprite/버튼2.png
  artifactKey: Guid(85e198695c4c9184fb98641a4d01e145) Importer(815301076,1909f56bfc062723c751e8b465ee728b)
Start importing Assets/02.Sprite/버튼2.png using Guid(85e198695c4c9184fb98641a4d01e145) Importer(815301076,1909f56bfc062723c751e8b465ee728b)  -> (artifact id: 'ac7af0aa6aebeb1e1ad26abf97440d6d') in 0.101389 seconds 
  Import took 0.105152 seconds .

========================================================================
Received Import Request.
  Time since last request: 4.218723 seconds.
  path: Assets/02.Sprite/ㅠㅕㅅ새ㅜ.png
  artifactKey: Guid(0165214fa04b201468c1f3808bbcecba) Importer(815301076,1909f56bfc062723c751e8b465ee728b)
Start importing Assets/02.Sprite/ㅠㅕㅅ새ㅜ.png using Guid(0165214fa04b201468c1f3808bbcecba) Importer(815301076,1909f56bfc062723c751e8b465ee728b)  -> (artifact id: '9259e006e47741c4cf0784b9113bbb0f') in 0.018738 seconds 
  Import took 0.022018 seconds .

========================================================================
Received Import Request.
  Time since last request: 18.700830 seconds.
  path: Assets/02.Sprite/Button2.png
  artifactKey: Guid(85e198695c4c9184fb98641a4d01e145) Importer(815301076,1909f56bfc062723c751e8b465ee728b)
Start importing Assets/02.Sprite/Button2.png using Guid(85e198695c4c9184fb98641a4d01e145) Importer(815301076,1909f56bfc062723c751e8b465ee728b)  -> (artifact id: '3d12b70ef6446ab41498e7ee231cf73b') in 0.016728 seconds 
  Import took 0.020198 seconds .

========================================================================
Received Import Request.
  Time since last request: 6.528102 seconds.
  path: Assets/02.Sprite/Button.png
  artifactKey: Guid(0165214fa04b201468c1f3808bbcecba) Importer(815301076,1909f56bfc062723c751e8b465ee728b)
Start importing Assets/02.Sprite/Button.png using Guid(0165214fa04b201468c1f3808bbcecba) Importer(815301076,1909f56bfc062723c751e8b465ee728b)  -> (artifact id: 'd2357b599c41a06002600bda62b22ad2') in 0.020043 seconds 
  Import took 0.023251 seconds .

========================================================================
Received Import Request.
  Time since last request: 33.476842 seconds.
  path: Assets/02.Sprite/Button2.png
  artifactKey: Guid(85e198695c4c9184fb98641a4d01e145) Importer(815301076,1909f56bfc062723c751e8b465ee728b)
Start importing Assets/02.Sprite/Button2.png using Guid(85e198695c4c9184fb98641a4d01e145) Importer(815301076,1909f56bfc062723c751e8b465ee728b)  -> (artifact id: '2ec556782af85063404d34562bfc8d73') in 0.025563 seconds 
  Import took 0.029232 seconds .

========================================================================
Received Import Request.
  Time since last request: 119.611345 seconds.
  path: Assets/02.Sprite/Button2.png
  artifactKey: Guid(85e198695c4c9184fb98641a4d01e145) Importer(815301076,1909f56bfc062723c751e8b465ee728b)
Start importing Assets/02.Sprite/Button2.png using Guid(85e198695c4c9184fb98641a4d01e145) Importer(815301076,1909f56bfc062723c751e8b465ee728b)  -> (artifact id: '23d5b8d4fad439a3f04850e1d42ff646') in 0.021280 seconds 
  Import took 0.024364 seconds .

AssetImportWorkerClient::OnTransportError - code=2 error=End of file
